[2026-02-21 09:09:48] INFO:     Started server process [32244]
[2026-02-21 09:09:48] INFO:     Waiting for application startup.
[2026-02-21 09:09:48] INFO:     Application startup complete.
[2026-02-21 09:09:48] INFO:     Uvicorn running on http://0.0.0.0:8000 (Press CTRL+C to quit)
API error occurred: Internal server error occurred. For help, please contact support: https://langfuse.com/support
API error occurred: Internal server error occurred. For help, please contact support: https://langfuse.com/support
API error occurred: Internal server error occurred. For help, please contact support: https://langfuse.com/support
API error occurred: Internal server error occurred. For help, please contact support: https://langfuse.com/support
API error occurred: Internal server error occurred. For help, please contact support: https://langfuse.com/support
API error occurred: Internal server error occurred. For help, please contact support: https://langfuse.com/support
API error occurred: Internal server error occurred. For help, please contact support: https://langfuse.com/support
API error occurred: Internal server error occurred. For help, please contact support: https://langfuse.com/support
API error occurred: Internal server error occurred. For help, please contact support: https://langfuse.com/support
API error occurred: Internal server error occurred. For help, please contact support: https://langfuse.com/support
API error occurred: Internal server error occurred. For help, please contact support: https://langfuse.com/support
API error occurred: Internal server error occurred. For help, please contact support: https://langfuse.com/support
API error occurred: Internal server error occurred. For help, please contact support: https://langfuse.com/support
API error occurred: Internal server error occurred. For help, please contact support: https://langfuse.com/support
API error occurred: Internal server error occurred. For help, please contact support: https://langfuse.com/support
API error occurred: Internal server error occurred. For help, please contact support: https://langfuse.com/support
API error occurred: Internal server error occurred. For help, please contact support: https://langfuse.com/support
API error occurred: Internal server error occurred. For help, please contact support: https://langfuse.com/support
API error occurred: Internal server error occurred. For help, please contact support: https://langfuse.com/support
API error occurred: Internal server error occurred. For help, please contact support: https://langfuse.com/support
API error occurred: Internal server error occurred. For help, please contact support: https://langfuse.com/support
API error occurred: Internal server error occurred. For help, please contact support: https://langfuse.com/support
